<?xml version="1.0" encoding="UTF-8"?>
<!-- Generated by org.testng.reporters.JUnitReportReporter -->
<testsuite hostname="STFMXC1695" failures="0" tests="1" name="com.quality.testng.TestNGOne" time="2.410" errors="0" timestamp="2022-04-05T13:53:39 CDT" skipped="0">
  <testcase classname="com.quality.testng.TestNGOne" name="searchElement" time="2.410"/>
  <system-out/>
</testsuite> <!-- com.quality.testng.TestNGOne -->
